[2023-12-22 12:29:33 : INFO] - Re_Smush_It_Task with attachment ID : 787, autocreated on : December 22, 2023 12:29:32 
[2023-12-22 12:29:34 : INFO] - Re_Smush_It_Task with attachment ID : 788, autocreated on : December 22, 2023 12:29:34 
[2023-12-22 12:29:35 : INFO] - Re_Smush_It_Task with attachment ID : 789, autocreated on : December 22, 2023 12:29:35 
[2023-12-22 12:29:37 : INFO] - Re_Smush_It_Task with attachment ID : 790, autocreated on : December 22, 2023 12:29:37 
[2023-12-22 12:29:38 : INFO] - Re_Smush_It_Task with attachment ID : 791, autocreated on : December 22, 2023 12:29:38 
[2023-12-22 12:29:39 : INFO] - Re_Smush_It_Task with attachment ID : 792, autocreated on : December 22, 2023 12:29:39 
[2023-12-22 12:29:51 : INFO] - Re_Smush_It_Task with attachment ID : 793, autocreated on : December 22, 2023 12:29:51 
[2023-12-22 12:29:52 : INFO] - Re_Smush_It_Task with attachment ID : 794, autocreated on : December 22, 2023 12:29:52 
[2023-12-22 12:29:54 : INFO] - Re_Smush_It_Task with attachment ID : 795, autocreated on : December 22, 2023 12:29:54 
[2023-12-22 12:29:55 : INFO] - Re_Smush_It_Task with attachment ID : 796, autocreated on : December 22, 2023 12:29:55 
[2023-12-22 12:34:36 : INFO] - A total of 10 tasks of type smush found and will be processed in this iteration 
[2023-12-22 12:34:36 : DEBUG] - Lock option (updraft_lock_smush, wp_options) was created in the database 
[2023-12-22 12:34:36 : INFO] - Lock (updraft_lock_smush, wp_options) acquired after initialising the database 
[2023-12-22 12:34:36 : INFO] - Processing task with ID : 1, and type 'smush' 
[2023-12-22 12:34:36 : INFO] - Task with ID 1 and type (smush) failed with error code invalid_file_path - The linked attachment ID does not have a valid file path 
[2023-12-22 12:34:36 : INFO] - Processing task with ID : 2, and type 'smush' 
[2023-12-22 12:34:36 : INFO] - Task with ID 2 and type (smush) failed with error code invalid_file_path - The linked attachment ID does not have a valid file path 
[2023-12-22 12:34:36 : INFO] - Processing task with ID : 3, and type 'smush' 
[2023-12-22 12:34:36 : INFO] - Task with ID 3 and type (smush) failed with error code invalid_file_path - The linked attachment ID does not have a valid file path 
[2023-12-22 12:34:36 : INFO] - Processing task with ID : 4, and type 'smush' 
[2023-12-22 12:34:36 : INFO] - Task with ID 4 and type (smush) failed with error code invalid_file_path - The linked attachment ID does not have a valid file path 
[2023-12-22 12:34:36 : INFO] - Processing task with ID : 5, and type 'smush' 
[2023-12-22 12:34:36 : INFO] - Re_Smush_It_Task with attachment ID : 791, autocreated on : December 22, 2023 12:29:38 
[2023-12-22 12:34:36 : INFO] - File: sylvie.png, Compression quality: 92 
[2023-12-22 12:34:37 : INFO] - Backing up the original image - 2023/12/sylvie-updraft-pre-smush-original.png 
[2023-12-22 12:34:37 : INFO] - There were no WebP conversion tools found on your server. 
[2023-12-22 12:34:37 : INFO] - Successfully optimized the image - C:\MAMP\htdocs\Planty\wordpress/wp-content/uploads/2023/12/sylvie.png.Le fichier a été compressé de 33.71 KB à 12.86 KB, en économisant 61.86 % à l’aide de WP-Optimize 
[2023-12-22 12:34:37 : INFO] - Completed processing task with ID : 5, and type 'smush' 
[2023-12-22 12:34:37 : INFO] - Processing task with ID : 6, and type 'smush' 
[2023-12-22 12:34:37 : INFO] - Re_Smush_It_Task with attachment ID : 792, autocreated on : December 22, 2023 12:29:39 
[2023-12-22 12:34:37 : INFO] - File: vero.jpg, Compression quality: 92 
[2023-12-22 12:34:37 : INFO] - Backing up the original image - 2023/12/vero-updraft-pre-smush-original.jpg 
[2023-12-22 12:34:38 : INFO] - There were no WebP conversion tools found on your server. 
[2023-12-22 12:34:38 : INFO] - Successfully optimized the image - C:\MAMP\htdocs\Planty\wordpress/wp-content/uploads/2023/12/vero.jpg.Le fichier a été compressé de 38.96 KB à 12.61 KB, en économisant 67.64 % à l’aide de WP-Optimize 
[2023-12-22 12:34:38 : INFO] - Completed processing task with ID : 6, and type 'smush' 
[2023-12-22 12:34:38 : INFO] - Processing task with ID : 7, and type 'smush' 
[2023-12-22 12:34:38 : INFO] - Re_Smush_It_Task with attachment ID : 793, autocreated on : December 22, 2023 12:29:51 
[2023-12-22 12:34:38 : INFO] - File: Brooke-1.png, Compression quality: 92 
[2023-12-22 12:34:38 : INFO] - Backing up the original image - 2023/12/Brooke-1-updraft-pre-smush-original.png 
[2023-12-22 12:34:38 : INFO] - There were no WebP conversion tools found on your server. 
[2023-12-22 12:34:38 : INFO] - Successfully optimized the image - C:\MAMP\htdocs\Planty\wordpress/wp-content/uploads/2023/12/Brooke-1.png.Le fichier a été compressé de 41.36 KB à 15.20 KB, en économisant 63.25 % à l’aide de WP-Optimize 
[2023-12-22 12:34:38 : INFO] - Completed processing task with ID : 7, and type 'smush' 
[2023-12-22 12:34:38 : INFO] - Processing task with ID : 8, and type 'smush' 
[2023-12-22 12:34:38 : INFO] - Re_Smush_It_Task with attachment ID : 794, autocreated on : December 22, 2023 12:29:52 
[2023-12-22 12:34:38 : INFO] - File: fatiha-1.jpg, Compression quality: 92 
[2023-12-22 12:34:39 : INFO] - Backing up the original image - 2023/12/fatiha-1-updraft-pre-smush-original.jpg 
[2023-12-22 12:34:39 : INFO] - There were no WebP conversion tools found on your server. 
[2023-12-22 12:34:39 : INFO] - Successfully optimized the image - C:\MAMP\htdocs\Planty\wordpress/wp-content/uploads/2023/12/fatiha-1.jpg.Le fichier a été compressé de 35.51 KB à 11.90 KB, en économisant 66.49 % à l’aide de WP-Optimize 
[2023-12-22 12:34:39 : INFO] - Completed processing task with ID : 8, and type 'smush' 
[2023-12-22 12:34:39 : INFO] - Processing task with ID : 9, and type 'smush' 
[2023-12-22 12:34:39 : INFO] - Re_Smush_It_Task with attachment ID : 795, autocreated on : December 22, 2023 12:29:54 
[2023-12-22 12:34:39 : INFO] - File: marc-1.jpg, Compression quality: 92 
[2023-12-22 12:34:39 : INFO] - Backing up the original image - 2023/12/marc-1-updraft-pre-smush-original.jpg 
[2023-12-22 12:34:40 : INFO] - There were no WebP conversion tools found on your server. 
[2023-12-22 12:34:40 : INFO] - Successfully optimized the image - C:\MAMP\htdocs\Planty\wordpress/wp-content/uploads/2023/12/marc-1.jpg.Le fichier a été compressé de 42.58 KB à 13.65 KB, en économisant 67.94 % à l’aide de WP-Optimize 
[2023-12-22 12:34:40 : INFO] - Completed processing task with ID : 9, and type 'smush' 
[2023-12-22 12:34:40 : INFO] - Processing task with ID : 10, and type 'smush' 
[2023-12-22 12:34:40 : INFO] - Re_Smush_It_Task with attachment ID : 796, autocreated on : December 22, 2023 12:29:55 
[2023-12-22 12:34:40 : INFO] - File: megane-1.png, Compression quality: 92 
[2023-12-22 12:34:40 : INFO] - Backing up the original image - 2023/12/megane-1-updraft-pre-smush-original.png 
[2023-12-22 12:34:41 : INFO] - There were no WebP conversion tools found on your server. 
[2023-12-22 12:34:41 : INFO] - Successfully optimized the image - C:\MAMP\htdocs\Planty\wordpress/wp-content/uploads/2023/12/megane-1.png.Le fichier a été compressé de 47.10 KB à 16.37 KB, en économisant 65.24 % à l’aide de WP-Optimize 
[2023-12-22 12:34:41 : INFO] - Completed processing task with ID : 10, and type 'smush' 
[2023-12-22 12:34:41 : INFO] - Lock option (updraft_lock_smush, wp_options) released 
[2023-12-22 12:34:41 : INFO] - Successfully processed the queue (smush). 10 tasks were processed out of 10. 
[2023-12-22 12:34:41 : INFO] - Lock option (updraft_lock_smush, wp_options) was deleted from the database 
[2023-12-22 12:34:41 : INFO] - Cleaning up tasks of type (smush). A total of 6 tasks will be deleted. 
[2023-12-22 12:35:40 : INFO] - Re_Smush_It_Task with attachment ID : 798, autocreated on : December 22, 2023 12:35:40 
[2023-12-22 12:35:42 : INFO] - Re_Smush_It_Task with attachment ID : 799, autocreated on : December 22, 2023 12:35:41 
[2023-12-22 12:35:43 : INFO] - Re_Smush_It_Task with attachment ID : 800, autocreated on : December 22, 2023 12:35:43 
[2023-12-22 12:35:45 : INFO] - Re_Smush_It_Task with attachment ID : 801, autocreated on : December 22, 2023 12:35:45 
[2023-12-22 12:35:49 : INFO] - Re_Smush_It_Task with attachment ID : 802, autocreated on : December 22, 2023 12:35:49 
[2023-12-22 12:44:37 : INFO] - A total of 5 tasks of type smush found and will be processed in this iteration 
[2023-12-22 12:44:37 : DEBUG] - Lock option (updraft_lock_smush, wp_options) was created in the database 
[2023-12-22 12:44:38 : INFO] - Lock (updraft_lock_smush, wp_options) acquired after initialising the database 
[2023-12-22 12:44:38 : INFO] - Processing task with ID : 11, and type 'smush' 
[2023-12-22 12:44:38 : INFO] - Re_Smush_It_Task with attachment ID : 798, autocreated on : December 22, 2023 12:35:40 
[2023-12-22 12:44:38 : INFO] - File: feuille.png, Compression quality: 92 
[2023-12-22 12:44:38 : INFO] - Backing up the original image - 2023/12/feuille-updraft-pre-smush-original.png 
[2023-12-22 12:44:38 : INFO] - There were no WebP conversion tools found on your server. 
[2023-12-22 12:44:38 : INFO] - Successfully optimized the image - C:\MAMP\htdocs\Planty\wordpress/wp-content/uploads/2023/12/feuille.png.Le fichier a été compressé de 6.52 KB à 3.36 KB, en économisant 48.46 % à l’aide de WP-Optimize 
[2023-12-22 12:44:38 : INFO] - Completed processing task with ID : 11, and type 'smush' 
[2023-12-22 12:44:38 : INFO] - Processing task with ID : 12, and type 'smush' 
[2023-12-22 12:44:38 : INFO] - Re_Smush_It_Task with attachment ID : 799, autocreated on : December 22, 2023 12:35:41 
[2023-12-22 12:44:38 : INFO] - File: feuille_droite.png, Compression quality: 92 
[2023-12-22 12:44:38 : INFO] - Backing up the original image - 2023/12/feuille_droite-updraft-pre-smush-original.png 
[2023-12-22 12:44:39 : INFO] - There were no WebP conversion tools found on your server. 
[2023-12-22 12:44:39 : INFO] - Successfully optimized the image - C:\MAMP\htdocs\Planty\wordpress/wp-content/uploads/2023/12/feuille_droite.png.Le fichier a été compressé de 15.73 KB à 6.20 KB, en économisant 60.58 % à l’aide de WP-Optimize 
[2023-12-22 12:44:39 : INFO] - Completed processing task with ID : 12, and type 'smush' 
[2023-12-22 12:44:39 : INFO] - Processing task with ID : 13, and type 'smush' 
[2023-12-22 12:44:39 : INFO] - Re_Smush_It_Task with attachment ID : 800, autocreated on : December 22, 2023 12:35:43 
[2023-12-22 12:44:39 : INFO] - File: feuille_gauche.png, Compression quality: 92 
[2023-12-22 12:44:39 : INFO] - Backing up the original image - 2023/12/feuille_gauche-updraft-pre-smush-original.png 
[2023-12-22 12:44:40 : INFO] - There were no WebP conversion tools found on your server. 
[2023-12-22 12:44:40 : INFO] - Successfully optimized the image - C:\MAMP\htdocs\Planty\wordpress/wp-content/uploads/2023/12/feuille_gauche.png.Le fichier a été compressé de 15.64 KB à 6.16 KB, en économisant 60.65 % à l’aide de WP-Optimize 
[2023-12-22 12:44:40 : INFO] - Completed processing task with ID : 13, and type 'smush' 
[2023-12-22 12:44:40 : INFO] - Processing task with ID : 14, and type 'smush' 
[2023-12-22 12:44:40 : INFO] - Re_Smush_It_Task with attachment ID : 801, autocreated on : December 22, 2023 12:35:45 
[2023-12-22 12:44:40 : INFO] - File: fleur.png, Compression quality: 92 
[2023-12-22 12:44:40 : INFO] - Backing up the original image - 2023/12/fleur-updraft-pre-smush-original.png 
[2023-12-22 12:44:40 : INFO] - There were no WebP conversion tools found on your server. 
[2023-12-22 12:44:40 : INFO] - Successfully optimized the image - C:\MAMP\htdocs\Planty\wordpress/wp-content/uploads/2023/12/fleur.png.Le fichier a été compressé de 7.46 KB à 3.82 KB, en économisant 48.74 % à l’aide de WP-Optimize 
[2023-12-22 12:44:40 : INFO] - Completed processing task with ID : 14, and type 'smush' 
[2023-12-22 12:44:40 : INFO] - Processing task with ID : 15, and type 'smush' 
[2023-12-22 12:44:40 : INFO] - Re_Smush_It_Task with attachment ID : 802, autocreated on : December 22, 2023 12:35:49 
[2023-12-22 12:44:40 : INFO] - File: total.png, Compression quality: 92 
[2023-12-22 12:44:41 : INFO] - Backing up the original image - 2023/12/total-updraft-pre-smush-original.png 
[2023-12-22 12:44:42 : INFO] - There were no WebP conversion tools found on your server. 
[2023-12-22 12:44:42 : INFO] - Successfully optimized the image - C:\MAMP\htdocs\Planty\wordpress/wp-content/uploads/2023/12/total.png.Le fichier a été compressé de 158.43 KB à 55.99 KB, en économisant 64.66 % à l’aide de WP-Optimize 
[2023-12-22 12:44:42 : INFO] - Completed processing task with ID : 15, and type 'smush' 
[2023-12-22 12:44:42 : INFO] - Lock option (updraft_lock_smush, wp_options) released 
[2023-12-22 12:44:42 : INFO] - Successfully processed the queue (smush). 5 tasks were processed out of 5. 
[2023-12-22 12:44:42 : INFO] - Lock option (updraft_lock_smush, wp_options) was deleted from the database 
[2023-12-22 12:44:42 : INFO] - Cleaning up tasks of type (smush). A total of 5 tasks will be deleted. 
